2024-03-14 20:58:27,667 [INFO] Activator:176 - 


2024-03-14 20:58:27,668 [INFO] Activator:177 - !SESSION log4j initialized
2024-03-14 20:58:30,317 [INFO] LogOutputStream:77 - [STDOUT_REDIRECT] 
2024-03-14 20:58:32,123 [INFO] ApplicationProperties:184 - Using Application install path: C:\ST\STM32CubeIDE_1.14.1\STM32CubeIDE\plugins\com.st.stm32cube.common.mx_6.10.0.202311202037
2024-03-14 20:58:32,146 [INFO] DbMcusXml:78 - Set database path to: C:\ST\STM32CubeIDE_1.14.1\STM32CubeIDE\plugins\com.st.stm32cube.common.mx_6.10.0.202311202037\\db\/mcu/
2024-03-14 20:58:32,147 [INFO] ApiDb:274 - Set plugin database path to: C:\ST\STM32CubeIDE_1.14.1\STM32CubeIDE\plugins\com.st.stm32cube.common.mx_6.10.0.202311202037\\db\/plugins/boardmanager/
2024-03-14 20:58:32,148 [WARN] ApiDb:259 - Overriding images path with different value:  => C:\ST\STM32CubeIDE_1.14.1\STM32CubeIDE\plugins\com.st.stm32cube.common.mx_6.10.0.202311202037\\db\/plugins/mcufinder/images/
2024-03-14 20:58:32,154 [INFO] ApiDb:250 - Set database path to: C:\Users\imrwe\.stmcufinder\plugins\mcufinder//mcu/
2024-03-14 20:58:32,156 [INFO] DbMcusAds:125 - Set database path to: C:\Users\imrwe\.stmcufinder\plugins\mcufinder//mcu/
2024-03-14 20:58:32,160 [INFO] CrossReferenceDbSqlite:203 - Set database path to: C:\Users\imrwe\.stmcufinder\plugins\mcufinder//mcu/cs/
2024-03-14 20:58:32,324 [INFO] RulesReader:64 - Compatibility file has been processed (297 Rules)
2024-03-14 20:58:32,413 [INFO] DbMcusXml:78 - Set database path to: C:\ST\STM32CubeIDE_1.14.1\STM32CubeIDE\plugins\com.st.stm32cube.common.mx_6.10.0.202311202037\\db\/mcu/
2024-03-14 20:58:32,413 [INFO] ApiDb:274 - Set plugin database path to: C:\ST\STM32CubeIDE_1.14.1\STM32CubeIDE\plugins\com.st.stm32cube.common.mx_6.10.0.202311202037\\db\/plugins/boardmanager/
2024-03-14 20:58:32,413 [INFO] ApiDb:261 - Set plugin images path to: C:\ST\STM32CubeIDE_1.14.1\STM32CubeIDE\plugins\com.st.stm32cube.common.mx_6.10.0.202311202037\\db\/plugins/mcufinder/images/
2024-03-14 20:58:32,413 [WARN] DbFile:41 - Overriding database path with different value: C:\Users\imrwe\.stmcufinder\plugins\mcufinder/ => C:\Users\imrwe\.stmcufinder\plugins\mcufinder
2024-03-14 20:58:32,413 [INFO] ApiDb:250 - Set database path to: C:\Users\imrwe\.stmcufinder\plugins\mcufinder//mcu/
2024-03-14 20:58:32,413 [WARN] DbFile:41 - Overriding database path with different value: C:\Users\imrwe\.stmcufinder\plugins\mcufinder/ => C:\Users\imrwe\.stmcufinder\plugins\mcufinder
2024-03-14 20:58:32,414 [INFO] DbMcusAds:125 - Set database path to: C:\Users\imrwe\.stmcufinder\plugins\mcufinder//mcu/
2024-03-14 20:58:32,414 [WARN] DbFile:41 - Overriding database path with different value: C:\Users\imrwe\.stmcufinder\plugins\mcufinder/ => C:\Users\imrwe\.stmcufinder\plugins\mcufinder
2024-03-14 20:58:32,414 [WARN] DbFile:41 - Overriding database path with different value: C:\Users\imrwe\.stmcufinder\plugins\mcufinder/ => C:\Users\imrwe\.stmcufinder\plugins\mcufinder
2024-03-14 20:58:32,414 [INFO] CrossReferenceDbSqlite:203 - Set database path to: C:\Users\imrwe\.stmcufinder\plugins\mcufinder//mcu/cs/
2024-03-14 20:58:32,502 [INFO] MainPanel:264 - HeapMemory: 268435456
2024-03-14 20:58:32,578 [INFO] DbMcusXml:78 - Set database path to: C:\ST\STM32CubeIDE_1.14.1\STM32CubeIDE\plugins\com.st.stm32cube.common.mx_6.10.0.202311202037\\db\/mcu/
2024-03-14 20:58:32,578 [INFO] ApiDb:274 - Set plugin database path to: C:\ST\STM32CubeIDE_1.14.1\STM32CubeIDE\plugins\com.st.stm32cube.common.mx_6.10.0.202311202037\\db\/plugins/boardmanager/
2024-03-14 20:58:32,578 [INFO] ApiDb:261 - Set plugin images path to: C:\ST\STM32CubeIDE_1.14.1\STM32CubeIDE\plugins\com.st.stm32cube.common.mx_6.10.0.202311202037\\db\/plugins/mcufinder/images/
2024-03-14 20:58:32,579 [WARN] DbFile:41 - Overriding database path with different value: C:\Users\imrwe\.stmcufinder\plugins\mcufinder/ => C:\Users\imrwe\.stmcufinder\plugins\mcufinder
2024-03-14 20:58:32,579 [INFO] ApiDb:250 - Set database path to: C:\Users\imrwe\.stmcufinder\plugins\mcufinder//mcu/
2024-03-14 20:58:32,579 [WARN] DbFile:41 - Overriding database path with different value: C:\Users\imrwe\.stmcufinder\plugins\mcufinder/ => C:\Users\imrwe\.stmcufinder\plugins\mcufinder
2024-03-14 20:58:32,579 [INFO] DbMcusAds:125 - Set database path to: C:\Users\imrwe\.stmcufinder\plugins\mcufinder//mcu/
2024-03-14 20:58:32,580 [WARN] DbFile:41 - Overriding database path with different value: C:\Users\imrwe\.stmcufinder\plugins\mcufinder/ => C:\Users\imrwe\.stmcufinder\plugins\mcufinder
2024-03-14 20:58:32,580 [WARN] DbFile:41 - Overriding database path with different value: C:\Users\imrwe\.stmcufinder\plugins\mcufinder/ => C:\Users\imrwe\.stmcufinder\plugins\mcufinder
2024-03-14 20:58:32,580 [INFO] CrossReferenceDbSqlite:203 - Set database path to: C:\Users\imrwe\.stmcufinder\plugins\mcufinder//mcu/cs/
2024-03-14 20:58:32,595 [INFO] ApplicationProperties:184 - Using Application install path: C:\ST\STM32CubeIDE_1.14.1\STM32CubeIDE\plugins\com.st.stm32cube.common.mx_6.10.0.202311202037
2024-03-14 20:58:32,596 [INFO] PluginManage:196 - Search for loadable plugins [exclusion list=, ]
2024-03-14 20:58:32,597 [INFO] PluginManage:310 - Check plugin analytics
2024-03-14 20:58:32,765 [INFO] AnalyticsPlugin:253 - Accepted Software Licenses: 
2024-03-14 20:58:32,767 [INFO] AnalyticsPlugin:255 - Accepted CMSIS Pack Licenses: 
2024-03-14 20:58:32,767 [INFO] AnalyticsPlugin:257 - Accepted Firmware Licenses: FW.F4.1.28.0
2024-03-14 20:58:32,768 [INFO] PluginManage:359 - Loaded plugin analytics (category:tool,tabindex:-1)
2024-03-14 20:58:32,769 [INFO] PluginManage:310 - Check plugin cadmodel
2024-03-14 20:58:32,784 [INFO] CADModel:105 - Init CAD model plugin
2024-03-14 20:58:32,784 [INFO] PluginManage:359 - Loaded plugin cadmodel (category:power,tabindex:5)
2024-03-14 20:58:32,785 [INFO] PluginManage:310 - Check plugin clock
2024-03-14 20:58:32,809 [INFO] PluginManage:359 - Loaded plugin clock (category:base,tabindex:2)
2024-03-14 20:58:32,809 [INFO] PluginManage:310 - Check plugin ddr
2024-03-14 20:58:32,813 [INFO] PluginManage:359 - Loaded plugin ddr (category:tool,tabindex:6)
2024-03-14 20:58:32,813 [INFO] PluginManage:310 - Check plugin filemanager
2024-03-14 20:58:32,942 [INFO] PluginManage:359 - Loaded plugin filemanager (category:base,tabindex:10)
2024-03-14 20:58:32,942 [INFO] PluginManage:310 - Check plugin ipmanager
2024-03-14 20:58:32,948 [INFO] PluginManage:359 - Loaded plugin ipmanager (category:base,tabindex:5)
2024-03-14 20:58:32,949 [INFO] PluginManage:310 - Check plugin lpbam
2024-03-14 20:58:32,963 [INFO] PluginManage:359 - Loaded plugin lpbam (category:base,tabindex:0)
2024-03-14 20:58:32,963 [INFO] PluginManage:310 - Check plugin memorymap
2024-03-14 20:58:32,982 [INFO] PluginManage:359 - Loaded plugin memorymap (category:base,tabindex:4)
2024-03-14 20:58:32,982 [INFO] PluginManage:310 - Check plugin pinoutandconfiguration
2024-03-14 20:58:32,996 [INFO] PluginManage:359 - Loaded plugin pinoutandconfiguration (category:base,tabindex:1)
2024-03-14 20:58:32,996 [INFO] PluginManage:310 - Check plugin pinoutconfig
2024-03-14 20:58:33,083 [WARN] SupportedApi:132 - Cannot load RTOS API schema: s4s-elt-must-match.1: The content of 'definitions' must match (annotation?, (simpleType | complexType)?, (unique | key | keyref)*)). A problem was found starting at: attribute.
2024-03-14 20:58:33,253 [INFO] PluginManage:359 - Loaded plugin pinoutconfig (category:base,tabindex:0)
2024-03-14 20:58:33,254 [INFO] PluginManage:310 - Check plugin power
2024-03-14 20:58:33,271 [INFO] PluginManage:359 - Loaded plugin power (category:power,tabindex:4)
2024-03-14 20:58:33,272 [INFO] PluginManage:310 - Check plugin projectmanager
2024-03-14 20:58:33,283 [INFO] PluginManage:359 - Loaded plugin projectmanager (category:projectmanager,tabindex:3)
2024-03-14 20:58:33,284 [INFO] PluginManage:310 - Check plugin thirdparty
2024-03-14 20:58:33,498 [INFO] PluginManage:359 - Loaded plugin thirdparty (category:base,tabindex:-1)
2024-03-14 20:58:33,498 [INFO] PluginManage:310 - Check plugin tools
2024-03-14 20:58:33,498 [WARN] IntegrityCheckThread:84 - waiting for thirdparty lock release [integrity check]
2024-03-14 20:58:33,499 [INFO] IntegrityCheckThread:86 - entering critical section [integrity check]
2024-03-14 20:58:33,499 [INFO] ThirdPartyUpdaterWithRetryManager:70 - Updater plugin not ready yet. [1/15]
2024-03-14 20:58:33,522 [INFO] PluginManage:359 - Loaded plugin tools (category:base,tabindex:7)
2024-03-14 20:58:33,522 [INFO] PluginManage:310 - Check plugin tutovideos
2024-03-14 20:58:33,693 [INFO] PluginManage:359 - Loaded plugin tutovideos (category:base,tabindex:-1)
2024-03-14 20:58:33,693 [INFO] PluginManage:310 - Check plugin updater
2024-03-14 20:58:33,717 [INFO] PluginManage:359 - Loaded plugin updater (category:base,tabindex:12)
2024-03-14 20:58:33,717 [INFO] PluginManage:310 - Check plugin userauth
2024-03-14 20:58:33,730 [INFO] UserAuth:114 - Init User Auth plugin
2024-03-14 20:58:33,730 [INFO] PluginManage:359 - Loaded plugin userauth (category:base,tabindex:14)
2024-03-14 20:58:33,732 [INFO] PluginManage:283 - PluginManage : Loaded plugins [17]
2024-03-14 20:58:34,023 [INFO] PinOutPanel:1499 - setPackage(No Configuration,No Configuration)
2024-03-14 20:58:34,114 [INFO] CADModel:165 - CPN selected for project level
2024-03-14 20:58:34,114 [INFO] CADModel:114 - Register for checkConnection events
2024-03-14 20:58:34,136 [INFO] IPUIPlugin:80 - create IPUIPlugin
2024-03-14 20:58:34,136 [INFO] PluginManager:220 - loadIPPluginJar : add adc
2024-03-14 20:58:34,166 [INFO] IPUIPlugin:80 - create IPUIPlugin
2024-03-14 20:58:34,166 [INFO] PluginManager:220 - loadIPPluginJar : add aes
2024-03-14 20:58:34,200 [INFO] IPUIPlugin:80 - create IPUIPlugin
2024-03-14 20:58:34,200 [INFO] PluginManager:220 - loadIPPluginJar : add can
2024-03-14 20:58:34,219 [INFO] IPUIPlugin:80 - create IPUIPlugin
2024-03-14 20:58:34,219 [INFO] PluginManager:220 - loadIPPluginJar : add comp
2024-03-14 20:58:34,247 [INFO] IPUIPlugin:80 - create IPUIPlugin
2024-03-14 20:58:34,247 [INFO] PluginManager:220 - loadIPPluginJar : add cryp
2024-03-14 20:58:34,270 [INFO] IPUIPlugin:80 - create IPUIPlugin
2024-03-14 20:58:34,270 [INFO] PluginManager:220 - loadIPPluginJar : add dfsdm
2024-03-14 20:58:34,282 [INFO] IPUIPlugin:80 - create IPUIPlugin
2024-03-14 20:58:34,282 [INFO] PluginManager:220 - loadIPPluginJar : add dma
2024-03-14 20:58:34,317 [INFO] IPUIPlugin:80 - create IPUIPlugin
2024-03-14 20:58:34,317 [INFO] PluginManager:220 - loadIPPluginJar : add dma3
2024-03-14 20:58:34,335 [INFO] IPUIPlugin:80 - create IPUIPlugin
2024-03-14 20:58:34,335 [INFO] PluginManager:220 - loadIPPluginJar : add fatfs
2024-03-14 20:58:34,371 [INFO] IPUIPlugin:80 - create IPUIPlugin
2024-03-14 20:58:34,372 [INFO] PluginManager:220 - loadIPPluginJar : add fmc
2024-03-14 20:58:34,389 [INFO] IPUIPlugin:80 - create IPUIPlugin
2024-03-14 20:58:34,389 [INFO] PluginManager:220 - loadIPPluginJar : add freertos
2024-03-14 20:58:34,411 [INFO] IPUIPlugin:80 - create IPUIPlugin
2024-03-14 20:58:34,411 [INFO] PluginManager:220 - loadIPPluginJar : add genericplugin
2024-03-14 20:58:34,485 [INFO] IPUIPlugin:80 - create IPUIPlugin
2024-03-14 20:58:34,486 [INFO] PluginManager:220 - loadIPPluginJar : add gfxmmu
2024-03-14 20:58:34,590 [INFO] IPUIPlugin:80 - create IPUIPlugin
2024-03-14 20:58:34,590 [INFO] PluginManager:220 - loadIPPluginJar : add gic
2024-03-14 20:58:34,601 [INFO] IPUIPlugin:80 - create IPUIPlugin
2024-03-14 20:58:34,601 [INFO] PluginManager:220 - loadIPPluginJar : add gpio
2024-03-14 20:58:34,673 [INFO] IPUIPlugin:80 - create IPUIPlugin
2024-03-14 20:58:34,674 [INFO] PluginManager:220 - loadIPPluginJar : add gtzc
2024-03-14 20:58:34,703 [INFO] IPUIPlugin:80 - create IPUIPlugin
2024-03-14 20:58:34,703 [INFO] PluginManager:220 - loadIPPluginJar : add hash
2024-03-14 20:58:34,749 [INFO] IPUIPlugin:80 - create IPUIPlugin
2024-03-14 20:58:34,749 [INFO] PluginManager:220 - loadIPPluginJar : add i2c
2024-03-14 20:58:34,783 [INFO] IPUIPlugin:80 - create IPUIPlugin
2024-03-14 20:58:34,783 [INFO] PluginManager:220 - loadIPPluginJar : add i2s
2024-03-14 20:58:34,816 [INFO] IPUIPlugin:80 - create IPUIPlugin
2024-03-14 20:58:34,816 [INFO] PluginManager:220 - loadIPPluginJar : add i3c
2024-03-14 20:58:34,900 [INFO] IPUIPlugin:80 - create IPUIPlugin
2024-03-14 20:58:34,900 [INFO] PluginManager:220 - loadIPPluginJar : add ipddr
2024-03-14 20:58:34,977 [INFO] IPUIPlugin:80 - create IPUIPlugin
2024-03-14 20:58:34,977 [INFO] PluginManager:220 - loadIPPluginJar : add linkedlist
2024-03-14 20:58:35,004 [INFO] IPUIPlugin:80 - create IPUIPlugin
2024-03-14 20:58:35,004 [INFO] PluginManager:220 - loadIPPluginJar : add lorawan
2024-03-14 20:58:35,036 [INFO] IPUIPlugin:80 - create IPUIPlugin
2024-03-14 20:58:35,036 [INFO] PluginManager:220 - loadIPPluginJar : add ltdc
2024-03-14 20:58:35,051 [INFO] IPUIPlugin:80 - create IPUIPlugin
2024-03-14 20:58:35,051 [INFO] PluginManager:220 - loadIPPluginJar : add mdma
2024-03-14 20:58:35,066 [INFO] IPUIPlugin:80 - create IPUIPlugin
2024-03-14 20:58:35,066 [INFO] PluginManager:220 - loadIPPluginJar : add nvic
2024-03-14 20:58:35,094 [INFO] IPUIPlugin:80 - create IPUIPlugin
2024-03-14 20:58:35,094 [INFO] PluginManager:220 - loadIPPluginJar : add opamp
2024-03-14 20:58:35,138 [INFO] IPUIPlugin:80 - create IPUIPlugin
2024-03-14 20:58:35,139 [INFO] PluginManager:220 - loadIPPluginJar : add openamp
2024-03-14 20:58:35,176 [INFO] IPUIPlugin:80 - create IPUIPlugin
2024-03-14 20:58:35,176 [INFO] PluginManager:220 - loadIPPluginJar : add pdm2pcm
2024-03-14 20:58:35,188 [INFO] IPUIPlugin:80 - create IPUIPlugin
2024-03-14 20:58:35,189 [INFO] PluginManager:220 - loadIPPluginJar : add plateformsettings
2024-03-14 20:58:35,205 [INFO] IPUIPlugin:80 - create IPUIPlugin
2024-03-14 20:58:35,205 [INFO] PluginManager:220 - loadIPPluginJar : add quadspi
2024-03-14 20:58:35,218 [INFO] IPUIPlugin:80 - create IPUIPlugin
2024-03-14 20:58:35,218 [INFO] PluginManager:220 - loadIPPluginJar : add resmgrutility
2024-03-14 20:58:35,255 [INFO] IPUIPlugin:80 - create IPUIPlugin
2024-03-14 20:58:35,255 [INFO] PluginManager:220 - loadIPPluginJar : add sai
2024-03-14 20:58:35,283 [INFO] IPUIPlugin:80 - create IPUIPlugin
2024-03-14 20:58:35,283 [INFO] PluginManager:220 - loadIPPluginJar : add spi
2024-03-14 20:58:35,336 [INFO] IPUIPlugin:80 - create IPUIPlugin
2024-03-14 20:58:35,337 [INFO] PluginManager:220 - loadIPPluginJar : add stm32_wpan
2024-03-14 20:58:35,355 [INFO] IPUIPlugin:80 - create IPUIPlugin
2024-03-14 20:58:35,355 [INFO] PluginManager:220 - loadIPPluginJar : add tim
2024-03-14 20:58:35,401 [INFO] IPUIPlugin:80 - create IPUIPlugin
2024-03-14 20:58:35,401 [INFO] PluginManager:220 - loadIPPluginJar : add touchsensing
2024-03-14 20:58:35,420 [INFO] IPUIPlugin:80 - create IPUIPlugin
2024-03-14 20:58:35,420 [INFO] PluginManager:220 - loadIPPluginJar : add tracer_emb
2024-03-14 20:58:35,440 [INFO] IPUIPlugin:80 - create IPUIPlugin
2024-03-14 20:58:35,441 [INFO] PluginManager:220 - loadIPPluginJar : add ts
2024-03-14 20:58:35,456 [INFO] IPUIPlugin:80 - create IPUIPlugin
2024-03-14 20:58:35,456 [INFO] PluginManager:220 - loadIPPluginJar : add tsc
2024-03-14 20:58:35,472 [INFO] IPUIPlugin:80 - create IPUIPlugin
2024-03-14 20:58:35,472 [INFO] PluginManager:220 - loadIPPluginJar : add ucpd
2024-03-14 20:58:35,501 [INFO] IPUIPlugin:80 - create IPUIPlugin
2024-03-14 20:58:35,501 [INFO] PluginManager:220 - loadIPPluginJar : add usart
2024-03-14 20:58:35,534 [INFO] IPUIPlugin:80 - create IPUIPlugin
2024-03-14 20:58:35,534 [INFO] PluginManager:220 - loadIPPluginJar : add usbx
2024-03-14 20:58:35,647 [INFO] CADModel:165 - CPN selected for project level
2024-03-14 20:58:35,648 [INFO] CADModel:114 - Register for checkConnection events
2024-03-14 20:58:35,648 [FATAL] Updater:308 - Updater called before beeing initialized
2024-03-14 20:58:35,648 [ERROR] CADModel:125 - Updater not yet initialized, retry later 
2024-03-14 20:58:35,848 [INFO] CADModel:165 - CPN selected for project level
2024-03-14 20:58:35,848 [INFO] CADModel:114 - Register for checkConnection events
2024-03-14 20:58:35,848 [FATAL] Updater:308 - Updater called before beeing initialized
2024-03-14 20:58:35,848 [ERROR] CADModel:125 - Updater not yet initialized, retry later 
2024-03-14 20:58:35,852 [FATAL] Updater:308 - Updater called before beeing initialized
2024-03-14 20:58:35,962 [FATAL] Updater:308 - Updater called before beeing initialized
2024-03-14 20:58:35,966 [INFO] DbMcusAds:53 - JSON generation date=Wed Nov 29 12:52:27 CAT 2023 (1701255147349)
2024-03-14 20:58:35,966 [FATAL] Updater:308 - Updater called before beeing initialized
2024-03-14 20:58:36,034 [WARN] DetailPanel:346 - Failed to get advertising image, set to default
2024-03-14 20:58:36,099 [FATAL] Updater:308 - Updater called before beeing initialized
2024-03-14 20:58:36,101 [FATAL] Updater:308 - Updater called before beeing initialized
2024-03-14 20:58:36,101 [FATAL] Updater:308 - Updater called before beeing initialized
2024-03-14 20:58:36,101 [WARN] DetailPanel:346 - Failed to get advertising image, set to default
2024-03-14 20:58:36,102 [FATAL] Updater:308 - Updater called before beeing initialized
2024-03-14 20:58:36,160 [ERROR] Updater:1120 - MainUpdater not yet initialized. External WinMGr cannot be set.
2024-03-14 20:58:36,168 [INFO] Updater:1056 - Updater Version found : 6.10.0
2024-03-14 20:58:36,188 [INFO] ApplicationProperties:184 - Using Application install path: C:\ST\STM32CubeIDE_1.14.1\STM32CubeIDE\plugins\com.st.stm32cube.common.mx_6.10.0.202311202037
2024-03-14 20:58:36,500 [INFO] ThirdPartyUpdaterWithRetryManager:70 - Updater plugin not ready yet. [2/15]
2024-03-14 20:58:37,083 [INFO] MainUpdater:2873 - connection check result : 10
2024-03-14 20:58:37,084 [INFO] MainUpdater:290 - Updater Check For Update Now.
2024-03-14 20:58:37,084 [INFO] MicroXplorer:498 - Change Database Version : DB.6.0.100
2024-03-14 20:58:37,114 [INFO] McuFinderGlobals:63 - Set McuFinder mode to 2 (CubeIDE integrated)
2024-03-14 20:58:37,275 [INFO] CheckServerUpdateThread:120 - End of CheckServer Thread
2024-03-14 20:58:37,911 [INFO] UserAuth:404 - Internet connection configuration mode: 1
2024-03-14 20:58:37,928 [INFO] JxBrowserEngine:152 - Initiate JxBrowser Engine with user profile folder
2024-03-14 20:58:39,657 [WARN] PackLoader:240 - Cannot read IP mode file for STMicroelectronics.X-CUBE-SMBUS.2.1.0
2024-03-14 20:58:39,673 [WARN] PackLoader:240 - Cannot read IP mode file for STMicroelectronics.X-CUBE-TOUCHGFX.4.23.0
2024-03-14 20:58:39,715 [WARN] PackLoader:240 - Cannot read IP mode file for STMicroelectronics.X-CUBE-AZRTOS-F7.1.1.0
2024-03-14 20:58:39,742 [WARN] PackLoader:240 - Cannot read IP mode file for STMicroelectronics.FP-SNS-MOTENV1.4.3.2
2024-03-14 20:58:39,764 [WARN] PackLoader:240 - Cannot read IP mode file for STMicroelectronics.FP-SNS-FLIGHT1.5.0.2
2024-03-14 20:58:39,789 [WARN] PackLoader:240 - Cannot read IP mode file for STMicroelectronics.X-CUBE-DISPLAY.3.0.0
2024-03-14 20:58:39,819 [WARN] PackLoader:240 - Cannot read IP mode file for STMicroelectronics.X-CUBE-BLE1.7.0.0
2024-03-14 20:58:39,840 [WARN] PackLoader:240 - Cannot read IP mode file for emotas.I-CUBE-CANOPEN.1.3.0
2024-03-14 20:58:39,880 [WARN] PackLoader:240 - Cannot read IP mode file for STMicroelectronics.X-CUBE-BLEMGR.3.1.0
2024-03-14 20:58:39,903 [WARN] PackLoader:240 - Cannot read IP mode file for STMicroelectronics.FP-SNS-SMARTAG2.1.2.0
2024-03-14 20:58:39,922 [INFO] LogOutputStream:77 - [STDOUT_REDIRECT] 1 : Invalid condition id : UX_CORESTACK_Condition cause : null
2024-03-14 20:58:39,923 [INFO] LogOutputStream:77 - [STDOUT_REDIRECT] 1 : Invalid condition id : UX_CORESTACK_Condition cause : null
2024-03-14 20:58:39,925 [INFO] LogOutputStream:77 - [STDOUT_REDIRECT] 1 : Invalid condition id : UX_CORESTACK_Condition cause : null
2024-03-14 20:58:39,926 [INFO] LogOutputStream:77 - [STDOUT_REDIRECT] 1 : Invalid condition id : UX_CORESTACK_Condition cause : null
2024-03-14 20:58:39,928 [INFO] LogOutputStream:77 - [STDOUT_REDIRECT] 1 : Invalid condition id : UX_CORESTACK_Condition cause : null
2024-03-14 20:58:39,931 [WARN] PackLoader:240 - Cannot read IP mode file for STMicroelectronics.X-CUBE-AZRTOS-WL.2.0.0
2024-03-14 20:58:39,953 [WARN] PackLoader:240 - Cannot read IP mode file for WES.I-CUBE-Cesium.1.3.0
2024-03-14 20:58:39,971 [WARN] PackLoader:240 - Cannot read IP mode file for STMicroelectronics.X-CUBE-BLE2.3.3.0
2024-03-14 20:58:39,992 [WARN] PackLoader:240 - Cannot read IP mode file for STMicroelectronics.X-CUBE-ALGOBUILD.1.3.0
2024-03-14 20:58:40,020 [WARN] PackLoader:240 - Cannot read IP mode file for STMicroelectronics.X-CUBE-AZRTOS-G0.1.1.0
2024-03-14 20:58:40,035 [WARN] PackLoader:240 - Cannot read IP mode file for STMicroelectronics.X-CUBE-NFC4.3.0.0
2024-03-14 20:58:40,049 [WARN] PackLoader:240 - Cannot read IP mode file for STMicroelectronics.FP-ATR-SIGFOX1.3.2.0
2024-03-14 20:58:40,063 [WARN] PackLoader:240 - Cannot read IP mode file for STMicroelectronics.X-CUBE-EEPRMA1.5.1.0
2024-03-14 20:58:40,107 [INFO] WebApp:161 - Instantiating new browser for Auth
2024-03-14 20:58:40,129 [WARN] PackLoader:240 - Cannot read IP mode file for SEGGER.I-CUBE-embOS.1.3.1
2024-03-14 20:58:40,192 [WARN] PackLoader:240 - Cannot read IP mode file for STMicroelectronics.X-CUBE-GNSS1.6.0.0
2024-03-14 20:58:40,223 [WARN] PackLoader:240 - Cannot read IP mode file for STMicroelectronics.X-CUBE-AZRTOS-F4.1.1.0
2024-03-14 20:58:40,240 [WARN] PackLoader:240 - Cannot read IP mode file for wolfSSL.I-CUBE-wolfSSL.5.6.6
2024-03-14 20:58:40,281 [WARN] PackLoader:240 - Cannot read IP mode file for STMicroelectronics.X-CUBE-AZRTOS-L5.2.0.0
2024-03-14 20:58:40,303 [WARN] PackLoader:240 - Cannot read IP mode file for ITTIA_DB.I-CUBE-ITTIADB.8.8.0
2024-03-14 20:58:40,325 [WARN] PackLoader:240 - Cannot read IP mode file for STMicroelectronics.X-CUBE-NFC7.1.0.1
2024-03-14 20:58:40,351 [WARN] PackLoader:240 - Cannot read IP mode file for STMicroelectronics.X-CUBE-NFC6.3.0.0
2024-03-14 20:58:40,381 [WARN] PackLoader:240 - Cannot read IP mode file for STMicroelectronics.X-CUBE-AI.8.1.0
2024-03-14 20:58:40,431 [WARN] ConditionMgr:438 - getConditionDescription Invalid condition id : LAN8742 Phy interface Condition cause : null
2024-03-14 20:58:40,432 [WARN] PackLoader:240 - Cannot read IP mode file for STMicroelectronics.X-CUBE-AZRTOS-L4.2.0.0
2024-03-14 20:58:40,434 [WARN] ConditionMgr:1039 - genDependencies : Invalid condition id : LAN8742 Phy interface Condition cause : null
2024-03-14 20:58:40,434 [WARN] ConditionMgr:1039 - genDependencies : Invalid condition id : LAN8742 Phy interface Condition cause : null
2024-03-14 20:58:40,435 [WARN] ConditionMgr:1039 - genDependencies : Invalid condition id : LAN8742 Phy interface Condition cause : null
2024-03-14 20:58:40,458 [WARN] PackLoader:240 - Cannot read IP mode file for STMicroelectronics.X-CUBE-SFXS2LP1.4.0.0
2024-03-14 20:58:40,493 [WARN] ConditionMgr:438 - getConditionDescription Invalid condition id : UX DEVICE CLASS RTOS Condition cause : null
2024-03-14 20:58:40,494 [WARN] ConditionMgr:438 - getConditionDescription Invalid condition id : UX DEVICE CLASS RTOS Condition cause : null
2024-03-14 20:58:40,496 [WARN] PackLoader:240 - Cannot read IP mode file for STMicroelectronics.X-CUBE-AZRTOS-WB.2.0.0
2024-03-14 20:58:40,497 [WARN] ConditionMgr:1039 - genDependencies : Invalid condition id : UX DEVICE CLASS RTOS Condition cause : null
2024-03-14 20:58:40,497 [WARN] ConditionMgr:1039 - genDependencies : Invalid condition id : UX DEVICE CLASS RTOS Condition cause : null
2024-03-14 20:58:40,497 [WARN] ConditionMgr:1039 - genDependencies : Invalid condition id : UX DEVICE CLASS RTOS Condition cause : null
2024-03-14 20:58:40,497 [WARN] ConditionMgr:1039 - genDependencies : Invalid condition id : UX DEVICE CLASS RTOS Condition cause : null
2024-03-14 20:58:40,497 [WARN] ConditionMgr:1039 - genDependencies : Invalid condition id : UX DEVICE CLASS RTOS Condition cause : null
2024-03-14 20:58:40,521 [WARN] PackLoader:240 - Cannot read IP mode file for STMicroelectronics.X-CUBE-SUBG2.5.0.0
2024-03-14 20:58:40,554 [WARN] PackLoader:240 - Cannot read IP mode file for STMicroelectronics.X-CUBE-AZRTOS-G4.2.0.0
2024-03-14 20:58:40,584 [WARN] PackLoader:240 - Cannot read IP mode file for Infineon.AIROC-Wi-Fi-Bluetooth-STM32.1.5.1
2024-03-14 20:58:40,612 [WARN] PackLoader:240 - Cannot read IP mode file for STMicroelectronics.FP-SNS-MOTENVWB1.1.3.1
2024-03-14 20:58:40,635 [WARN] PackLoader:240 - Cannot read IP mode file for STMicroelectronics.X-CUBE-ISPU.2.0.0
2024-03-14 20:58:40,694 [WARN] PackLoader:240 - Cannot read IP mode file for STMicroelectronics.X-CUBE-MEMS1.10.0.0
2024-03-14 20:58:40,852 [WARN] PackLoader:240 - Cannot read IP mode file for STMicroelectronics.X-CUBE-FREERTOS.1.1.0
2024-03-14 20:58:40,880 [WARN] PackLoader:240 - Cannot read IP mode file for portGmbH.I-Cube-SoM-uGOAL.1.1.0
2024-03-14 20:58:40,910 [WARN] PackLoader:240 - Cannot read IP mode file for STMicroelectronics.X-CUBE-ALS.1.0.1
2024-03-14 20:58:40,933 [WARN] PackLoader:240 - Cannot read IP mode file for STMicroelectronics.FP-ATR-ASTRA1.2.0.0
2024-03-14 20:58:40,953 [WARN] PackLoader:240 - Cannot read IP mode file for STMicroelectronics.X-CUBE-TOF1.3.4.1
2024-03-14 20:58:40,982 [WARN] PackLoader:240 - Cannot read IP mode file for STMicroelectronics.X-CUBE-AZRTOS-H7.3.2.0
2024-03-14 20:58:40,984 [INFO] ThirdParty:978 - Integrity check success = true
2024-03-14 20:58:40,984 [INFO] IntegrityCheckThread:100 - exiting critical section [integrity check]
2024-03-14 20:58:40,984 [INFO] IntegrityCheckThread:103 - End integrity checks thread
2024-03-14 20:58:41,169 [INFO] WebApp:780 - Register for checkConnection events
2024-03-14 20:58:41,169 [INFO] WebApp:414 - Apply proxy settings
2024-03-14 20:58:41,169 [INFO] WebApp:499 - Chromium requires no authentication
2024-03-14 20:58:41,181 [INFO] WebApp:442 - Direct internet connection detected
2024-03-14 20:58:41,396 [INFO] WebApp:192 - Starting web application
2024-03-14 20:58:41,397 [INFO] WebApp:544 - Web application path used C:\ST\STM32CubeIDE_1.14.1\STM32CubeIDE\plugins\com.st.stm32cube.common.mx_6.10.0.202311202037\db\plugins\mcufinder\reactClient1\index.html
2024-03-14 20:58:58,500 [ERROR] LogOutputStream:75 - [STDERR_REDIRECT] 
